Using pre-set license
Built from '2020.3/staging' branch; Version is '2020.3.25f1 (9b9180224418) revision 10195328'; Using compiler version '192528614'; Build Type 'Release'
OS: 'Windows 10  (10.0.19044) 64bit Professional' Language: 'ru' Physical Memory: 8036 MB
BatchMode: 1, IsHumanControllingUs: 0, StartBugReporterOnCrash: 0, Is64bit: 1, IsPro: 0

COMMAND LINE ARGUMENTS:
F:\HUb\2020.3.25f1\Editor\Unity.exe
-adb2
-batchMode
-noUpm
-name
AssetImportWorker1
-projectPath
F:/ProjectUnity/Tower defense
-logFile
Logs/AssetImportWorker1.log
-srvPort
55437
Successfully changed project path to: F:/ProjectUnity/Tower defense
F:/ProjectUnity/Tower defense
Using Asset Import Pipeline V2.
Refreshing native plugins compatible for Editor in 56.99 ms, found 3 plugins.
Preloading 0 native plugins for Editor in 0.00 ms.
Initialize engine version: 2020.3.25f1 (9b9180224418)
[Subsystems] Discovering subsystems at path F:/HUb/2020.3.25f1/Editor/Data/Resources/UnitySubsystems
[Subsystems] Discovering subsystems at path F:/ProjectUnity/Tower defense/Assets
GfxDevice: creating device client; threaded=0
Direct3D:
    Version:  Direct3D 11.0 [level 11.1]
    Renderer: NVIDIA GeForce GTX 1050 Ti (ID=0x1c8f)
    Vendor:   
    VRAM:     4021 MB
    Driver:   31.0.15.1659
Initialize mono
Mono path[0] = 'F:/HUb/2020.3.25f1/Editor/Data/Managed'
Mono path[1] = 'F:/HUb/2020.3.25f1/Editor/Data/MonoBleedingEdge/lib/mono/unityjit'
Mono config path = 'F:/HUb/2020.3.25f1/Editor/Data/MonoBleedingEdge/etc'
Using monoOptions --debugger-agent=transport=dt_socket,embedding=1,server=y,suspend=n,address=127.0.0.1:56020
Begin MonoManager ReloadAssembly
Registering precompiled unity dll's ...
Register platform support module: F:/HUb/2020.3.25f1/Editor/Data/PlaybackEngines/WebGLSupport/UnityEditor.WebGL.Extensions.dll
Register platform support module: F:/HUb/2020.3.25f1/Editor/Data/PlaybackEngines/WindowsStandaloneSupport/UnityEditor.WindowsStandalone.Extensions.dll
Registered in 0.001307 seconds.
Native extension for WindowsStandalone target not found
Native extension for WebGL target not found
Refreshing native plugins compatible for Editor in 52.58 ms, found 3 plugins.
Preloading 0 native plugins for Editor in 0.00 ms.
Mono: successfully reloaded assembly
- Completed reload, in  0.536 seconds
Domain Reload Profiling:
	ReloadAssembly (536ms)
		BeginReloadAssembly (47ms)
			ExecutionOrderSort (0ms)
			DisableScriptedObjects (0ms)
			BackupInstance (0ms)
			ReleaseScriptingObjects (0ms)
			CreateAndSetChildDomain (1ms)
		EndReloadAssembly (428ms)
			LoadAssemblies (46ms)
			RebuildTransferFunctionScriptingTraits (0ms)
			SetupTypeCache (145ms)
			ReleaseScriptCaches (0ms)
			RebuildScriptCaches (30ms)
			SetupLoadedEditorAssemblies (168ms)
				LogAssemblyErrors (0ms)
				InitializePlatformSupportModulesInManaged (4ms)
				SetLoadedEditorAssemblies (0ms)
				RefreshPlugins (53ms)
				BeforeProcessingInitializeOnLoad (11ms)
				ProcessInitializeOnLoadAttributes (75ms)
				ProcessInitializeOnLoadMethodAttributes (24ms)
				AfterProcessingInitializeOnLoad (0ms)
				EditorAssembliesLoaded (0ms)
			ExecutionOrderSort2 (0ms)
			AwakeInstancesAfterBackupRestoration (0ms)
Platform modules already initialized, skipping
Registering precompiled user dll's ...
Registered in 0.005055 seconds.
Begin MonoManager ReloadAssembly
Native extension for WindowsStandalone target not found
Native extension for WebGL target not found
Refreshing native plugins compatible for Editor in 55.06 ms, found 3 plugins.
Preloading 0 native plugins for Editor in 0.00 ms.
Mono: successfully reloaded assembly
- Completed reload, in  4.879 seconds
Domain Reload Profiling:
	ReloadAssembly (4880ms)
		BeginReloadAssembly (130ms)
			ExecutionOrderSort (0ms)
			DisableScriptedObjects (4ms)
			BackupInstance (0ms)
			ReleaseScriptingObjects (0ms)
			CreateAndSetChildDomain (17ms)
		EndReloadAssembly (4688ms)
			LoadAssemblies (3732ms)
			RebuildTransferFunctionScriptingTraits (0ms)
			SetupTypeCache (299ms)
			ReleaseScriptCaches (0ms)
			RebuildScriptCaches (47ms)
			SetupLoadedEditorAssemblies (505ms)
				LogAssemblyErrors (0ms)
				InitializePlatformSupportModulesInManaged (4ms)
				SetLoadedEditorAssemblies (0ms)
				RefreshPlugins (55ms)
				BeforeProcessingInitializeOnLoad (81ms)
				ProcessInitializeOnLoadAttributes (275ms)
				ProcessInitializeOnLoadMethodAttributes (88ms)
				AfterProcessingInitializeOnLoad (2ms)
				EditorAssembliesLoaded (0ms)
			ExecutionOrderSort2 (0ms)
			AwakeInstancesAfterBackupRestoration (6ms)
Platform modules already initialized, skipping
========================================================================
Worker process is ready to serve import requests
Launched and connected shader compiler UnityShaderCompiler.exe after 0.11 seconds
Refreshing native plugins compatible for Editor in 1.57 ms, found 3 plugins.
Preloading 0 native plugins for Editor in 0.00 ms.
Unloading 2744 Unused Serialized files (Serialized files now loaded: 0)
System memory in use before: 110.2 MB.
System memory in use after: 110.4 MB.

Unloading 63 unused Assets to reduce memory usage. Loaded Objects now: 3146.
Total: 7.278800 ms (FindLiveObjects: 0.233500 ms CreateObjectMapping: 0.136600 ms MarkObjects: 6.835000 ms  DeleteObjects: 0.072600 ms)

AssetImportParameters requested are different than current active one (requested -> active):
  custom:framework-win-MediaFoundation: 216162199b28c13a410421893ffa2e32 -> 
  custom:video-decoder-ogg-theora: a1e56fd34408186e4bbccfd4996cb3dc -> 
  custom:container-muxer-webm: aa71ff27fc2769a1b78a27578f13a17b -> 
  custom:container-demuxer-webm: 4f35f7cbe854078d1ac9338744f61a02 -> 
  custom:container-demuxer-ogg: 62fdf1f143b41e24485cea50d1cbac27 -> 
  custom:video-encoder-webm-vp8: eb34c28f22e8b96e1ab97ce403110664 -> 
  custom:video-decoder-webm-vp8: 9c59270c3fd7afecdb556c50c9e8de78 -> 
  custom:audio-decoder-ogg-vorbis: bf7c407c2cedff20999df2af8eb42d56 -> 
  custom:audio-encoder-webm-vorbis: bf7c407c2cedff20999df2af8eb42d56 -> 
========================================================================
Received Import Request.
  path: Assets/Scenes/GameScene.unity
  artifactKey: Guid(c61da0a976a9d47aaa00b5fb9c8646c6) Importer(815301076,1909f56bfc062723c751e8b465ee728b)
Start importing Assets/Scenes/GameScene.unity using Guid(c61da0a976a9d47aaa00b5fb9c8646c6) Importer(815301076,1909f56bfc062723c751e8b465ee728b)  -> (artifact id: 'ed6f267ba9e01ba70f2efcf269d7e3cc') in 0.018513 seconds 
  Import took 0.070246 seconds .

========================================================================
Received Import Request.
  Time since last request: 325.881445 seconds.
  path: Assets/Animation/Bug1Animation.anim
  artifactKey: Guid(0479cf39d7dae4f8fb1699a7d3842c9c) Importer(815301076,1909f56bfc062723c751e8b465ee728b)
Start importing Assets/Animation/Bug1Animation.anim using Guid(0479cf39d7dae4f8fb1699a7d3842c9c) Importer(815301076,1909f56bfc062723c751e8b465ee728b)  -> (artifact id: '1d8e9073319f5019967f372f16af11d2') in 0.071760 seconds 
  Import took 0.075986 seconds .

========================================================================
Received Import Request.
  Time since last request: 6.493365 seconds.
  path: Assets/Animation/Bug2Animation.anim
  artifactKey: Guid(f663adeed74eb4ea48e0ccc574b39c49) Importer(815301076,1909f56bfc062723c751e8b465ee728b)
Start importing Assets/Animation/Bug2Animation.anim using Guid(f663adeed74eb4ea48e0ccc574b39c49) Importer(815301076,1909f56bfc062723c751e8b465ee728b)  -> (artifact id: '7b6e55ad70c4dec3d5843da89233a949') in 0.009508 seconds 
  Import took 0.046028 seconds .

========================================================================
Received Import Request.
  Time since last request: 4.150683 seconds.
  path: Assets/Animation/GameOver.controller
  artifactKey: Guid(234bc7811ac2744d2a8722b9d2af957e) Importer(815301076,1909f56bfc062723c751e8b465ee728b)
Start importing Assets/Animation/GameOver.controller using Guid(234bc7811ac2744d2a8722b9d2af957e) Importer(815301076,1909f56bfc062723c751e8b465ee728b)  -> (artifact id: '802debaf1450c18b112747a3438d5728') in 0.059867 seconds 
  Import took 0.082304 seconds .

========================================================================
Received Import Request.
  Time since last request: 4.704676 seconds.
  path: Assets/Animation/Monster0Animator.controller
  artifactKey: Guid(6c9cde36b0b19479ba146e80d1198811) Importer(815301076,1909f56bfc062723c751e8b465ee728b)
Start importing Assets/Animation/Monster0Animator.controller using Guid(6c9cde36b0b19479ba146e80d1198811) Importer(815301076,1909f56bfc062723c751e8b465ee728b)  -> (artifact id: '500aab55c6f359d98667142f2ce9d5f1') in 0.012009 seconds 
  Import took 0.046949 seconds .

========================================================================
Received Import Request.
  Time since last request: 4.522263 seconds.
  path: Assets/Animation/Monster1Animator.controller
  artifactKey: Guid(e91c2c8f935824d5ead5ebc9af5a9d49) Importer(815301076,1909f56bfc062723c751e8b465ee728b)
Start importing Assets/Animation/Monster1Animator.controller using Guid(e91c2c8f935824d5ead5ebc9af5a9d49) Importer(815301076,1909f56bfc062723c751e8b465ee728b)  -> (artifact id: '4849e30ff8a20024714420303440ba30') in 0.008752 seconds 
  Import took 0.013224 seconds .

========================================================================
Received Import Request.
  Time since last request: 15.361857 seconds.
  path: Assets/Animation/MonsterDekoAnimation.controller
  artifactKey: Guid(73aa2514770c843d2b93b4e2762649d7) Importer(815301076,1909f56bfc062723c751e8b465ee728b)
Start importing Assets/Animation/MonsterDekoAnimation.controller using Guid(73aa2514770c843d2b93b4e2762649d7) Importer(815301076,1909f56bfc062723c751e8b465ee728b)  -> (artifact id: '6818d540ae6d36aaa4e19f51a5d33f7a') in 0.051026 seconds 
  Import took 0.113462 seconds .

========================================================================
Received Prepare
Registering precompiled user dll's ...
Registered in 0.045195 seconds.
Begin MonoManager ReloadAssembly
Native extension for WindowsStandalone target not found
Native extension for WebGL target not found
Refreshing native plugins compatible for Editor in 0.73 ms, found 3 plugins.
Preloading 0 native plugins for Editor in 0.00 ms.
Mono: successfully reloaded assembly
- Completed reload, in  0.970 seconds
Domain Reload Profiling:
	ReloadAssembly (970ms)
		BeginReloadAssembly (107ms)
			ExecutionOrderSort (0ms)
			DisableScriptedObjects (6ms)
			BackupInstance (0ms)
			ReleaseScriptingObjects (0ms)
			CreateAndSetChildDomain (36ms)
		EndReloadAssembly (813ms)
			LoadAssemblies (86ms)
			RebuildTransferFunctionScriptingTraits (0ms)
			SetupTypeCache (276ms)
			ReleaseScriptCaches (1ms)
			RebuildScriptCaches (38ms)
			SetupLoadedEditorAssemblies (321ms)
				LogAssemblyErrors (0ms)
				InitializePlatformSupportModulesInManaged (4ms)
				SetLoadedEditorAssemblies (0ms)
				RefreshPlugins (1ms)
				BeforeProcessingInitializeOnLoad (86ms)
				ProcessInitializeOnLoadAttributes (190ms)
				ProcessInitializeOnLoadMethodAttributes (37ms)
				AfterProcessingInitializeOnLoad (2ms)
				EditorAssembliesLoaded (0ms)
			ExecutionOrderSort2 (0ms)
			AwakeInstancesAfterBackupRestoration (8ms)
Platform modules already initialized, skipping
Refreshing native plugins compatible for Editor in 0.71 ms, found 3 plugins.
Preloading 0 native plugins for Editor in 0.00 ms.
Unloading 2733 Unused Serialized files (Serialized files now loaded: 0)
System memory in use before: 109.5 MB.
System memory in use after: 109.8 MB.

Unloading 52 unused Assets to reduce memory usage. Loaded Objects now: 3148.
Total: 6.993200 ms (FindLiveObjects: 0.227800 ms CreateObjectMapping: 0.120000 ms MarkObjects: 6.618500 ms  DeleteObjects: 0.025900 ms)

AssetImportParameters requested are different than current active one (requested -> active):
  custom:framework-win-MediaFoundation: 216162199b28c13a410421893ffa2e32 -> 
  custom:video-decoder-ogg-theora: a1e56fd34408186e4bbccfd4996cb3dc -> 
  custom:container-muxer-webm: aa71ff27fc2769a1b78a27578f13a17b -> 
  custom:container-demuxer-webm: 4f35f7cbe854078d1ac9338744f61a02 -> 
  custom:container-demuxer-ogg: 62fdf1f143b41e24485cea50d1cbac27 -> 
  custom:video-encoder-webm-vp8: eb34c28f22e8b96e1ab97ce403110664 -> 
  custom:video-decoder-webm-vp8: 9c59270c3fd7afecdb556c50c9e8de78 -> 
  custom:audio-decoder-ogg-vorbis: bf7c407c2cedff20999df2af8eb42d56 -> 
  custom:audio-encoder-webm-vorbis: bf7c407c2cedff20999df2af8eb42d56 -> 
========================================================================
Received Prepare
Registering precompiled user dll's ...
Registered in 0.005061 seconds.
Begin MonoManager ReloadAssembly
Native extension for WindowsStandalone target not found
Native extension for WebGL target not found
Refreshing native plugins compatible for Editor in 1.31 ms, found 3 plugins.
Preloading 0 native plugins for Editor in 0.00 ms.
Mono: successfully reloaded assembly
- Completed reload, in  0.956 seconds
Domain Reload Profiling:
	ReloadAssembly (956ms)
		BeginReloadAssembly (102ms)
			ExecutionOrderSort (0ms)
			DisableScriptedObjects (5ms)
			BackupInstance (0ms)
			ReleaseScriptingObjects (0ms)
			CreateAndSetChildDomain (33ms)
		EndReloadAssembly (804ms)
			LoadAssemblies (81ms)
			RebuildTransferFunctionScriptingTraits (0ms)
			SetupTypeCache (276ms)
			ReleaseScriptCaches (1ms)
			RebuildScriptCaches (38ms)
			SetupLoadedEditorAssemblies (318ms)
				LogAssemblyErrors (0ms)
				InitializePlatformSupportModulesInManaged (5ms)
				SetLoadedEditorAssemblies (1ms)
				RefreshPlugins (1ms)
				BeforeProcessingInitializeOnLoad (83ms)
				ProcessInitializeOnLoadAttributes (190ms)
				ProcessInitializeOnLoadMethodAttributes (36ms)
				AfterProcessingInitializeOnLoad (2ms)
				EditorAssembliesLoaded (0ms)
			ExecutionOrderSort2 (0ms)
			AwakeInstancesAfterBackupRestoration (8ms)
Platform modules already initialized, skipping
Refreshing native plugins compatible for Editor in 0.74 ms, found 3 plugins.
Preloading 0 native plugins for Editor in 0.00 ms.
Unloading 2733 Unused Serialized files (Serialized files now loaded: 0)
System memory in use before: 109.6 MB.
System memory in use after: 109.8 MB.

Unloading 52 unused Assets to reduce memory usage. Loaded Objects now: 3150.
Total: 6.539700 ms (FindLiveObjects: 0.214200 ms CreateObjectMapping: 0.100200 ms MarkObjects: 6.200900 ms  DeleteObjects: 0.023500 ms)

AssetImportParameters requested are different than current active one (requested -> active):
  custom:framework-win-MediaFoundation: 216162199b28c13a410421893ffa2e32 -> 
  custom:video-decoder-ogg-theora: a1e56fd34408186e4bbccfd4996cb3dc -> 
  custom:container-muxer-webm: aa71ff27fc2769a1b78a27578f13a17b -> 
  custom:container-demuxer-webm: 4f35f7cbe854078d1ac9338744f61a02 -> 
  custom:container-demuxer-ogg: 62fdf1f143b41e24485cea50d1cbac27 -> 
  custom:video-encoder-webm-vp8: eb34c28f22e8b96e1ab97ce403110664 -> 
  custom:video-decoder-webm-vp8: 9c59270c3fd7afecdb556c50c9e8de78 -> 
  custom:audio-decoder-ogg-vorbis: bf7c407c2cedff20999df2af8eb42d56 -> 
  custom:audio-encoder-webm-vorbis: bf7c407c2cedff20999df2af8eb42d56 -> 
========================================================================
Received Import Request.
  Time since last request: 153.573775 seconds.
  path: Assets/Images/Objects
  artifactKey: Guid(afcec31df0a834ed4b4f8514d3eec38c) Importer(815301076,1909f56bfc062723c751e8b465ee728b)
Start importing Assets/Images/Objects using Guid(afcec31df0a834ed4b4f8514d3eec38c) Importer(815301076,1909f56bfc062723c751e8b465ee728b)  -> (artifact id: '6dbb007a5cd9b8362c00a4e11a904a0a') in 0.039731 seconds 
  Import took 0.066245 seconds .

========================================================================
Received Import Request.
  Time since last request: 0.026636 seconds.
  path: Assets/Images/Objects/Bullet1.png
  artifactKey: Guid(42e7fb48812864bfcab2acd8725d45dc) Importer(815301076,1909f56bfc062723c751e8b465ee728b)
Start importing Assets/Images/Objects/Bullet1.png using Guid(42e7fb48812864bfcab2acd8725d45dc) Importer(815301076,1909f56bfc062723c751e8b465ee728b)  -> (artifact id: '60d2f418b935091ba10fa483726ece8f') in 0.263378 seconds 
  Import took 0.267188 seconds .

========================================================================
Received Import Request.
  Time since last request: 0.000290 seconds.
  path: Assets/Images/Objects/Bullet3.png
  artifactKey: Guid(0847d2a5229904848b0f05c9aadbf26e) Importer(815301076,1909f56bfc062723c751e8b465ee728b)
Start importing Assets/Images/Objects/Bullet3.png using Guid(0847d2a5229904848b0f05c9aadbf26e) Importer(815301076,1909f56bfc062723c751e8b465ee728b)  -> (artifact id: '1555317e978deed46c6d52a06a8ff481') in 0.049661 seconds 
  Import took 0.053702 seconds .

========================================================================
Received Import Request.
  Time since last request: 0.000222 seconds.
  path: Assets/Images/Objects/Openspot.png
  artifactKey: Guid(df4910dae3555424b96684835f0134de) Importer(815301076,1909f56bfc062723c751e8b465ee728b)
Start importing Assets/Images/Objects/Openspot.png using Guid(df4910dae3555424b96684835f0134de) Importer(815301076,1909f56bfc062723c751e8b465ee728b)  -> (artifact id: '6ab48ccddf87481387fa671a7b6de51f') in 0.056654 seconds 
  Import took 0.072345 seconds .

========================================================================
Received Import Request.
  Time since last request: 0.000285 seconds.
  path: Assets/Images/Objects/HealthBar.png
  artifactKey: Guid(d7e0be7814fa7412684b4d6d52e51d55) Importer(815301076,1909f56bfc062723c751e8b465ee728b)
Start importing Assets/Images/Objects/HealthBar.png using Guid(d7e0be7814fa7412684b4d6d52e51d55) Importer(815301076,1909f56bfc062723c751e8b465ee728b)  -> (artifact id: 'a78d48881ac9644522d421e747adbce7') in 0.142986 seconds 
  Import took 0.169535 seconds .

========================================================================
Received Import Request.
  Time since last request: 0.000317 seconds.
  path: Assets/Images/Objects/cookie.png
  artifactKey: Guid(ac90a86debbe14aceb7949a135084970) Importer(815301076,1909f56bfc062723c751e8b465ee728b)
Start importing Assets/Images/Objects/cookie.png using Guid(ac90a86debbe14aceb7949a135084970) Importer(815301076,1909f56bfc062723c751e8b465ee728b)  -> (artifact id: '2c849b6f6a22d10501a4bc05def7776e') in 0.090063 seconds 
  Import took 0.124508 seconds .

========================================================================
Received Import Request.
  Time since last request: 0.000280 seconds.
  path: Assets/Images/Objects/HealthBarBackground.png
  artifactKey: Guid(fc6a0a208d0824447a60b1ef2f71fa5c) Importer(815301076,1909f56bfc062723c751e8b465ee728b)
Start importing Assets/Images/Objects/HealthBarBackground.png using Guid(fc6a0a208d0824447a60b1ef2f71fa5c) Importer(815301076,1909f56bfc062723c751e8b465ee728b)  -> (artifact id: '0c217ece47f8f6af2bd4e8fe1a41f375') in 0.123648 seconds 
  Import took 0.127452 seconds .

========================================================================
Received Import Request.
  Time since last request: 0.000255 seconds.
  path: Assets/Images/Objects/Bullet2.png
  artifactKey: Guid(e35c1e32aaf224eb68b3a471224253cf) Importer(815301076,1909f56bfc062723c751e8b465ee728b)
Start importing Assets/Images/Objects/Bullet2.png using Guid(e35c1e32aaf224eb68b3a471224253cf) Importer(815301076,1909f56bfc062723c751e8b465ee728b)  -> (artifact id: '2726c87f56be83cb644eac40e48fa77b') in 0.069604 seconds 
  Import took 0.109809 seconds .

========================================================================
Received Prepare
Registering precompiled user dll's ...
Registered in 0.005098 seconds.
Begin MonoManager ReloadAssembly
Native extension for WindowsStandalone target not found
Native extension for WebGL target not found
Refreshing native plugins compatible for Editor in 0.75 ms, found 3 plugins.
Preloading 0 native plugins for Editor in 0.00 ms.
Mono: successfully reloaded assembly
- Completed reload, in  0.978 seconds
Domain Reload Profiling:
	ReloadAssembly (978ms)
		BeginReloadAssembly (108ms)
			ExecutionOrderSort (0ms)
			DisableScriptedObjects (5ms)
			BackupInstance (0ms)
			ReleaseScriptingObjects (0ms)
			CreateAndSetChildDomain (34ms)
		EndReloadAssembly (819ms)
			LoadAssemblies (82ms)
			RebuildTransferFunctionScriptingTraits (0ms)
			SetupTypeCache (284ms)
			ReleaseScriptCaches (1ms)
			RebuildScriptCaches (38ms)
			SetupLoadedEditorAssemblies (321ms)
				LogAssemblyErrors (0ms)
				InitializePlatformSupportModulesInManaged (5ms)
				SetLoadedEditorAssemblies (0ms)
				RefreshPlugins (1ms)
				BeforeProcessingInitializeOnLoad (89ms)
				ProcessInitializeOnLoadAttributes (189ms)
				ProcessInitializeOnLoadMethodAttributes (35ms)
				AfterProcessingInitializeOnLoad (2ms)
				EditorAssembliesLoaded (0ms)
			ExecutionOrderSort2 (0ms)
			AwakeInstancesAfterBackupRestoration (11ms)
Platform modules already initialized, skipping
Refreshing native plugins compatible for Editor in 0.72 ms, found 3 plugins.
Preloading 0 native plugins for Editor in 0.00 ms.
Unloading 2733 Unused Serialized files (Serialized files now loaded: 0)
System memory in use before: 112.6 MB.
System memory in use after: 112.8 MB.

Unloading 52 unused Assets to reduce memory usage. Loaded Objects now: 3170.
Total: 6.487200 ms (FindLiveObjects: 0.235100 ms CreateObjectMapping: 0.120000 ms MarkObjects: 6.104200 ms  DeleteObjects: 0.026500 ms)

AssetImportParameters requested are different than current active one (requested -> active):
  custom:framework-win-MediaFoundation: 216162199b28c13a410421893ffa2e32 -> 
  custom:video-decoder-ogg-theora: a1e56fd34408186e4bbccfd4996cb3dc -> 
  custom:container-muxer-webm: aa71ff27fc2769a1b78a27578f13a17b -> 
  custom:container-demuxer-webm: 4f35f7cbe854078d1ac9338744f61a02 -> 
  custom:container-demuxer-ogg: 62fdf1f143b41e24485cea50d1cbac27 -> 
  custom:video-encoder-webm-vp8: eb34c28f22e8b96e1ab97ce403110664 -> 
  custom:video-decoder-webm-vp8: 9c59270c3fd7afecdb556c50c9e8de78 -> 
  custom:audio-decoder-ogg-vorbis: bf7c407c2cedff20999df2af8eb42d56 -> 
  custom:audio-encoder-webm-vorbis: bf7c407c2cedff20999df2af8eb42d56 -> 
========================================================================
Received Import Request.
  Time since last request: 108.492948 seconds.
  path: Assets/Prefabs/Enemy 2.prefab
  artifactKey: Guid(614f4dc81f2ad4dd0bb9a759c0274631) Importer(815301076,1909f56bfc062723c751e8b465ee728b)
Start importing Assets/Prefabs/Enemy 2.prefab using Guid(614f4dc81f2ad4dd0bb9a759c0274631) Importer(815301076,1909f56bfc062723c751e8b465ee728b)  -> (artifact id: 'b91ae755f3e6231d00f9b94234c316dd') in 0.425161 seconds 
  Import took 0.446614 seconds .

========================================================================
Received Import Request.
  Time since last request: 0.000296 seconds.
  path: Assets/Prefabs/Enemy.prefab
  artifactKey: Guid(f561f313e37464b2d982d25715bb43cf) Importer(815301076,1909f56bfc062723c751e8b465ee728b)
Start importing Assets/Prefabs/Enemy.prefab using Guid(f561f313e37464b2d982d25715bb43cf) Importer(815301076,1909f56bfc062723c751e8b465ee728b)  -> (artifact id: '33c32b16f848d6224572aa8c8fc49390') in 0.069971 seconds 
  Import took 0.073566 seconds .

========================================================================
Received Import Request.
  Time since last request: 0.000289 seconds.
  path: Assets/Prefabs/Monster.prefab
  artifactKey: Guid(f29d67ead1d3b481e815d39f2f51f446) Importer(815301076,1909f56bfc062723c751e8b465ee728b)
Start importing Assets/Prefabs/Monster.prefab using Guid(f29d67ead1d3b481e815d39f2f51f446) Importer(815301076,1909f56bfc062723c751e8b465ee728b)  -> (artifact id: '2b36fa2de6d99fd5d9762dfc3e6c38db') in 0.140112 seconds 
  Import took 0.144278 seconds .

========================================================================
Received Import Request.
  Time since last request: 48.442272 seconds.
  path: Assets/Audio/bensound-ukulele.mp3
  artifactKey: Guid(d8191c6189ba447f1a26f200fa4dea14) Importer(815301076,1909f56bfc062723c751e8b465ee728b)
Start importing Assets/Audio/bensound-ukulele.mp3 using Guid(d8191c6189ba447f1a26f200fa4dea14) Importer(815301076,1909f56bfc062723c751e8b465ee728b)  -> (artifact id: 'a852e5fc394cce1bd3ed71fbf2095dcd') in 0.188339 seconds 
  Import took 0.208884 seconds .

========================================================================
Received Import Request.
  Time since last request: 0.000351 seconds.
  path: Assets/Audio/laser.wav
  artifactKey: Guid(664a0cebcdc6f450cb87ac1daab18a75) Importer(815301076,1909f56bfc062723c751e8b465ee728b)
Start importing Assets/Audio/laser.wav using Guid(664a0cebcdc6f450cb87ac1daab18a75) Importer(815301076,1909f56bfc062723c751e8b465ee728b)  -> (artifact id: '5d68de869e42b2dbef7c625efdc012b6') in 0.056932 seconds 
  Import took 0.089113 seconds .

========================================================================
Received Import Request.
  Time since last request: 0.000181 seconds.
  path: Assets/Audio/explosion.wav
  artifactKey: Guid(97d2463062b494cb1ab5c4ede62f719f) Importer(815301076,1909f56bfc062723c751e8b465ee728b)
Start importing Assets/Audio/explosion.wav using Guid(97d2463062b494cb1ab5c4ede62f719f) Importer(815301076,1909f56bfc062723c751e8b465ee728b)  -> (artifact id: '48af8c9810263bbbb38f11e482831317') in 0.031063 seconds 
  Import took 0.035863 seconds .

========================================================================
Received Import Request.
  Time since last request: 0.000193 seconds.
  path: Assets/Audio/life_lose.wav
  artifactKey: Guid(71f7186ab78c04463b46a72e97aa55d9) Importer(815301076,1909f56bfc062723c751e8b465ee728b)
Start importing Assets/Audio/life_lose.wav using Guid(71f7186ab78c04463b46a72e97aa55d9) Importer(815301076,1909f56bfc062723c751e8b465ee728b)  -> (artifact id: '27afd144e4fce7f03232c0bb369cf607') in 0.017142 seconds 
  Import took 0.021733 seconds .

========================================================================
Received Import Request.
  Time since last request: 0.000278 seconds.
  path: Assets/Audio/tower_place.wav
  artifactKey: Guid(5b57030bf9c4b4db89d6924e3e4b403f) Importer(815301076,1909f56bfc062723c751e8b465ee728b)
Start importing Assets/Audio/tower_place.wav using Guid(5b57030bf9c4b4db89d6924e3e4b403f) Importer(815301076,1909f56bfc062723c751e8b465ee728b)  -> (artifact id: '14b33e75f7be7101238bfe82a2e47c68') in 0.064377 seconds 
  Import took 0.092909 seconds .

========================================================================
Received Import Request.
  Time since last request: 54.181174 seconds.
  path: Assets/Prefabs/Openspot.prefab
  artifactKey: Guid(de566d09c309c2b4fa69e28e9da8371e) Importer(815301076,1909f56bfc062723c751e8b465ee728b)
Start importing Assets/Prefabs/Openspot.prefab using Guid(de566d09c309c2b4fa69e28e9da8371e) Importer(815301076,1909f56bfc062723c751e8b465ee728b)  -> (artifact id: 'ab6a23ceb82ec6fb1182cb240f9269e0') in 0.016936 seconds 
  Import took 0.053950 seconds .

========================================================================
Received Import Request.
  Time since last request: 39.299993 seconds.
  path: Assets/Prefabs/Openspot.prefab
  artifactKey: Guid(de566d09c309c2b4fa69e28e9da8371e) Importer(815301076,1909f56bfc062723c751e8b465ee728b)
Start importing Assets/Prefabs/Openspot.prefab using Guid(de566d09c309c2b4fa69e28e9da8371e) Importer(815301076,1909f56bfc062723c751e8b465ee728b)  -> (artifact id: 'bec6fed15b2cd5e7283d1aa81a63d072') in 0.014920 seconds 
  Import took 0.020046 seconds .

========================================================================
Received Import Request.
  Time since last request: 261.168506 seconds.
  path: Assets/Scripts/CameraShake.cs
  artifactKey: Guid(e939694bafc33436ab271de94e675ae4) Importer(815301076,1909f56bfc062723c751e8b465ee728b)
Start importing Assets/Scripts/CameraShake.cs using Guid(e939694bafc33436ab271de94e675ae4) Importer(815301076,1909f56bfc062723c751e8b465ee728b)  -> (artifact id: 'e1a56e15bc44991e45cd1aa099500c8e') in 0.014818 seconds 
  Import took 0.040044 seconds .

========================================================================
Received Import Request.
  Time since last request: 614.398500 seconds.
  path: Assets/Scripts/Tutorial.cs
  artifactKey: Guid(7c0af5541071e4619997cd007c4ad952) Importer(815301076,1909f56bfc062723c751e8b465ee728b)
Start importing Assets/Scripts/Tutorial.cs using Guid(7c0af5541071e4619997cd007c4ad952) Importer(815301076,1909f56bfc062723c751e8b465ee728b)  -> (artifact id: 'a9fbdafbd55a3af4ea432df02457a6bf') in 0.080449 seconds 
  Import took 0.085030 seconds .

========================================================================
Received Import Request.
  Time since last request: 148.454938 seconds.
  path: Assets/Images/Monsters
  artifactKey: Guid(185386dce6efa4d4ca0e8480fb6e2455) Importer(815301076,1909f56bfc062723c751e8b465ee728b)
Start importing Assets/Images/Monsters using Guid(185386dce6efa4d4ca0e8480fb6e2455) Importer(815301076,1909f56bfc062723c751e8b465ee728b)  -> (artifact id: '1c2242fcae0ce020b937a5efbb77d527') in 0.247767 seconds 
  Import took 0.251644 seconds .

========================================================================
Received Import Request.
  Time since last request: 0.000295 seconds.
  path: Assets/Images/Monsters/monster0Attack3.png
  artifactKey: Guid(f950d9ef6f2114f549675c9133a13cc6) Importer(815301076,1909f56bfc062723c751e8b465ee728b)
Start importing Assets/Images/Monsters/monster0Attack3.png using Guid(f950d9ef6f2114f549675c9133a13cc6) Importer(815301076,1909f56bfc062723c751e8b465ee728b)  -> (artifact id: 'ab685295553aecd6bfccfc0869851ca7') in 0.355696 seconds 
  Import took 0.359393 seconds .

========================================================================
Received Import Request.
  Time since last request: 0.000270 seconds.
  path: Assets/Images/Monsters/monster_02_attack_03.png
  artifactKey: Guid(68c580a5f72e14dd1af9e28bdc3f9063) Importer(815301076,1909f56bfc062723c751e8b465ee728b)
Start importing Assets/Images/Monsters/monster_02_attack_03.png using Guid(68c580a5f72e14dd1af9e28bdc3f9063) Importer(815301076,1909f56bfc062723c751e8b465ee728b)  -> (artifact id: 'd70bea10f68bb6c7379cdeda69d696b7') in 0.268789 seconds 
  Import took 0.272402 seconds .

========================================================================
Received Import Request.
  Time since last request: 0.000246 seconds.
  path: Assets/Images/Monsters/monster_01_B_attack_02.png
  artifactKey: Guid(96fbdac8bf7004afbbe64eea2cc5be51) Importer(815301076,1909f56bfc062723c751e8b465ee728b)
Start importing Assets/Images/Monsters/monster_01_B_attack_02.png using Guid(96fbdac8bf7004afbbe64eea2cc5be51) Importer(815301076,1909f56bfc062723c751e8b465ee728b)  -> (artifact id: '5a6b94ba349059f9ae7f5f5b5574fe77') in 0.209129 seconds 
  Import took 0.212610 seconds .

========================================================================
Received Import Request.
  Time since last request: 0.000289 seconds.
  path: Assets/Images/Monsters/monster_02_attack_01.png
  artifactKey: Guid(698c20d507c6848579175f40c390d3d4) Importer(815301076,1909f56bfc062723c751e8b465ee728b)
Start importing Assets/Images/Monsters/monster_02_attack_01.png using Guid(698c20d507c6848579175f40c390d3d4) Importer(815301076,1909f56bfc062723c751e8b465ee728b)  -> (artifact id: 'b5b79ffa3c4d8123b1339b19a5abe064') in 0.169069 seconds 
  Import took 0.172508 seconds .

========================================================================
Received Import Request.
  Time since last request: 0.000290 seconds.
  path: Assets/Images/Monsters/monster1.png
  artifactKey: Guid(a45faa465e5314d15b6ea97212e23cef) Importer(815301076,1909f56bfc062723c751e8b465ee728b)
Start importing Assets/Images/Monsters/monster1.png using Guid(a45faa465e5314d15b6ea97212e23cef) Importer(815301076,1909f56bfc062723c751e8b465ee728b)  -> (artifact id: '2062f87aac2a5cd2687ab048bcfcf543') in 0.117921 seconds 
  Import took 0.121468 seconds .

========================================================================
Received Import Request.
  Time since last request: 0.000295 seconds.
  path: Assets/Images/Monsters/monster2.png
  artifactKey: Guid(efe979788d3c943ada3d865101469e3f) Importer(815301076,1909f56bfc062723c751e8b465ee728b)
Start importing Assets/Images/Monsters/monster2.png using Guid(efe979788d3c943ada3d865101469e3f) Importer(815301076,1909f56bfc062723c751e8b465ee728b)  -> (artifact id: 'cca4c6947f4aa9e908c418a4aeaa77f0') in 0.178736 seconds 
  Import took 0.182789 seconds .

========================================================================
Received Import Request.
  Time since last request: 0.000289 seconds.
  path: Assets/Images/Monsters/monster_01_C_attack_03.png
  artifactKey: Guid(450c607a2098b4419908e3660042d081) Importer(815301076,1909f56bfc062723c751e8b465ee728b)
Start importing Assets/Images/Monsters/monster_01_C_attack_03.png using Guid(450c607a2098b4419908e3660042d081) Importer(815301076,1909f56bfc062723c751e8b465ee728b)  -> (artifact id: 'db78d1ed2016efb83c329648c74bec44') in 0.124915 seconds 
  Import took 0.128716 seconds .

========================================================================
Received Import Request.
  Time since last request: 0.000306 seconds.
  path: Assets/Images/Monsters/monster_01_C_attack_02.png
  artifactKey: Guid(0cbfbe6f4a39443f7b246262fd64f93d) Importer(815301076,1909f56bfc062723c751e8b465ee728b)
Start importing Assets/Images/Monsters/monster_01_C_attack_02.png using Guid(0cbfbe6f4a39443f7b246262fd64f93d) Importer(815301076,1909f56bfc062723c751e8b465ee728b)  -> (artifact id: 'bafb3cf4146917f95e15023be1d31b81') in 0.263544 seconds 
  Import took 0.268123 seconds .

========================================================================
Received Import Request.
  Time since last request: 0.000211 seconds.
  path: Assets/Images/Monsters/monster2Attack1.png
  artifactKey: Guid(6b402d6afe601478db56bb42d11ca14f) Importer(815301076,1909f56bfc062723c751e8b465ee728b)
Start importing Assets/Images/Monsters/monster2Attack1.png using Guid(6b402d6afe601478db56bb42d11ca14f) Importer(815301076,1909f56bfc062723c751e8b465ee728b)  -> (artifact id: '6e3287a9af21642638ad465e61f29b25') in 0.086717 seconds 
  Import took 0.090775 seconds .

========================================================================
Received Import Request.
  Time since last request: 0.000221 seconds.
  path: Assets/Images/Monsters/monster1Attack1.png
  artifactKey: Guid(3cd0a6805e2004c1899ed66d19f34724) Importer(815301076,1909f56bfc062723c751e8b465ee728b)
Start importing Assets/Images/Monsters/monster1Attack1.png using Guid(3cd0a6805e2004c1899ed66d19f34724) Importer(815301076,1909f56bfc062723c751e8b465ee728b)  -> (artifact id: 'a5813946c86d2881983625a919ec5f57') in 0.165397 seconds 
  Import took 0.169083 seconds .

========================================================================
Received Import Request.
  Time since last request: 0.000294 seconds.
  path: Assets/Images/Monsters/monster_02_idle.png
  artifactKey: Guid(db2d043ce80674132a509d99c3c22e23) Importer(815301076,1909f56bfc062723c751e8b465ee728b)
Start importing Assets/Images/Monsters/monster_02_idle.png using Guid(db2d043ce80674132a509d99c3c22e23) Importer(815301076,1909f56bfc062723c751e8b465ee728b)  -> (artifact id: 'dc3aa26e055d06ac436296f30f6bd5c7') in 0.173370 seconds 
  Import took 0.176870 seconds .

========================================================================
Received Import Request.
  Time since last request: 0.000270 seconds.
  path: Assets/Images/Monsters/monster0.png
  artifactKey: Guid(1063a9963851d468196a883078c8664e) Importer(815301076,1909f56bfc062723c751e8b465ee728b)
Start importing Assets/Images/Monsters/monster0.png using Guid(1063a9963851d468196a883078c8664e) Importer(815301076,1909f56bfc062723c751e8b465ee728b)  -> (artifact id: 'c0d78a08319df7aa3a84eba5d18c0d0f') in 0.188969 seconds 
  Import took 0.192481 seconds .

========================================================================
Received Import Request.
  Time since last request: 0.000263 seconds.
  path: Assets/Images/Monsters/monster0Attack1.png
  artifactKey: Guid(6a9e8ffb1868c4991b5159dbfbf93aa2) Importer(815301076,1909f56bfc062723c751e8b465ee728b)
Start importing Assets/Images/Monsters/monster0Attack1.png using Guid(6a9e8ffb1868c4991b5159dbfbf93aa2) Importer(815301076,1909f56bfc062723c751e8b465ee728b)  -> (artifact id: '654aac80410101238920579b7998e0f9') in 0.300415 seconds 
  Import took 0.306594 seconds .

========================================================================
Received Import Request.
  Time since last request: 0.000240 seconds.
  path: Assets/Images/Monsters/monster_01_B_attack_03.png
  artifactKey: Guid(99fff7b9142a841c394285f5c3b5e095) Importer(815301076,1909f56bfc062723c751e8b465ee728b)
Start importing Assets/Images/Monsters/monster_01_B_attack_03.png using Guid(99fff7b9142a841c394285f5c3b5e095) Importer(815301076,1909f56bfc062723c751e8b465ee728b)  -> (artifact id: 'dcacc7694c1de5049ab043e7b8a4201b') in 0.237909 seconds 
  Import took 0.242936 seconds .

========================================================================
Received Import Request.
  Time since last request: 0.000296 seconds.
  path: Assets/Images/Monsters/monster0Attack2.png
  artifactKey: Guid(938681f134fa34574a7cde680bc5cca0) Importer(815301076,1909f56bfc062723c751e8b465ee728b)
Start importing Assets/Images/Monsters/monster0Attack2.png using Guid(938681f134fa34574a7cde680bc5cca0) Importer(815301076,1909f56bfc062723c751e8b465ee728b)  -> (artifact id: '6167f3f47f28266e0ae8a75f5d39237c') in 0.144657 seconds 
  Import took 0.148730 seconds .

========================================================================
Received Import Request.
  Time since last request: 0.000278 seconds.
  path: Assets/Images/Monsters/monster_02_attack_02.png
  artifactKey: Guid(d274d91459b154fcea4ee3b1c31d1e00) Importer(815301076,1909f56bfc062723c751e8b465ee728b)
Start importing Assets/Images/Monsters/monster_02_attack_02.png using Guid(d274d91459b154fcea4ee3b1c31d1e00) Importer(815301076,1909f56bfc062723c751e8b465ee728b)  -> (artifact id: 'cd7f73275ac03e51751fc5bccf23dd3f') in 0.214062 seconds 
  Import took 0.218004 seconds .

AssetImportWorkerClient::OnTransportError - code=2 error=End of file
